0 info it worked if it ends with ok
1 verbose cli [ 'C:\\Program Files (x86)\\nodejs\\node.exe',
1 verbose cli   'C:\\Program Files (x86)\\nodejs\\node_modules\\npm\\bin\\npm-cli.js',
1 verbose cli   'install',
1 verbose cli   'threads_a_gogo' ]
2 info using npm@2.14.12
3 info using node@v4.2.4
4 verbose install initial load of C:\Users\csiqueira\Documents\NetBeansProjects\PoEController\package.json
5 warn package.json poe-controller@1.0.0 No repository field.
6 verbose installManyTop reading scoped package data from C:\Users\csiqueira\Documents\NetBeansProjects\PoEController\node_modules\dialog\package.json
7 verbose installManyTop reading scoped package data from C:\Users\csiqueira\Documents\NetBeansProjects\PoEController\node_modules\node-hid\package.json
8 verbose installManyTop reading scoped package data from C:\Users\csiqueira\Documents\NetBeansProjects\PoEController\node_modules\nw\package.json
9 verbose installManyTop reading scoped package data from C:\Users\csiqueira\Documents\NetBeansProjects\PoEController\node_modules\robotjs\package.json
10 verbose installManyTop reading scoped package data from C:\Users\csiqueira\Documents\NetBeansProjects\PoEController\node_modules\winston\package.json
11 verbose installManyTop reading scoped package data from C:\Users\csiqueira\Documents\NetBeansProjects\PoEController\node_modules\workerjs\package.json
12 info package.json dialog@0.1.8 No license field.
13 verbose readDependencies loading dependencies from C:\Users\csiqueira\Documents\NetBeansProjects\PoEController\package.json
14 silly cache add args [ 'threads_a_gogo', null ]
15 verbose cache add spec threads_a_gogo
16 silly cache add parsed spec Result {
16 silly cache add   raw: 'threads_a_gogo',
16 silly cache add   scope: null,
16 silly cache add   name: 'threads_a_gogo',
16 silly cache add   rawSpec: '',
16 silly cache add   spec: 'latest',
16 silly cache add   type: 'tag' }
17 silly addNamed threads_a_gogo@latest
18 verbose addNamed "latest" is being treated as a dist-tag for threads_a_gogo
19 info addNameTag [ 'threads_a_gogo', 'latest' ]
20 silly mapToRegistry name threads_a_gogo
21 silly mapToRegistry using default registry
22 silly mapToRegistry registry https://registry.npmjs.org/
23 silly mapToRegistry uri https://registry.npmjs.org/threads_a_gogo
24 verbose addNameTag registry:https://registry.npmjs.org/threads_a_gogo not in flight; fetching
25 verbose request uri https://registry.npmjs.org/threads_a_gogo
26 verbose request no auth needed
27 info attempt registry request try #1 at 10:47:16
28 verbose request id 6d9e955c6a8fd76c
29 http request GET https://registry.npmjs.org/threads_a_gogo
30 http 200 https://registry.npmjs.org/threads_a_gogo
31 verbose headers { server: 'CouchDB/1.5.0 (Erlang OTP/R16B03)',
31 verbose headers   etag: '"2Y18ALDOCVSXXCIWMB2BJJQRF"',
31 verbose headers   'content-type': 'application/json',
31 verbose headers   'cache-control': 'max-age=300',
31 verbose headers   'content-length': '30309',
31 verbose headers   'accept-ranges': 'bytes',
31 verbose headers   date: 'Thu, 03 Mar 2016 13:47:29 GMT',
31 verbose headers   via: '1.1 varnish',
31 verbose headers   age: '0',
31 verbose headers   connection: 'keep-alive',
31 verbose headers   'x-served-by': 'cache-jfk1039-JFK',
31 verbose headers   'x-cache': 'MISS',
31 verbose headers   'x-cache-hits': '0',
31 verbose headers   'x-timer': 'S1457012849.231896,VS0,VE33',
31 verbose headers   vary: 'Accept' }
32 silly get cb [ 200,
32 silly get   { server: 'CouchDB/1.5.0 (Erlang OTP/R16B03)',
32 silly get     etag: '"2Y18ALDOCVSXXCIWMB2BJJQRF"',
32 silly get     'content-type': 'application/json',
32 silly get     'cache-control': 'max-age=300',
32 silly get     'content-length': '30309',
32 silly get     'accept-ranges': 'bytes',
32 silly get     date: 'Thu, 03 Mar 2016 13:47:29 GMT',
32 silly get     via: '1.1 varnish',
32 silly get     age: '0',
32 silly get     connection: 'keep-alive',
32 silly get     'x-served-by': 'cache-jfk1039-JFK',
32 silly get     'x-cache': 'MISS',
32 silly get     'x-cache-hits': '0',
32 silly get     'x-timer': 'S1457012849.231896,VS0,VE33',
32 silly get     vary: 'Accept' } ]
33 verbose get saving threads_a_gogo to C:\Users\csiqueira\AppData\Roaming\npm-cache\registry.npmjs.org\threads_a_gogo\.cache.json
34 silly addNameTag next cb for threads_a_gogo with tag latest
35 silly addNamed threads_a_gogo@0.1.7
36 verbose addNamed "0.1.7" is a plain semver version for threads_a_gogo
37 silly mapToRegistry name threads_a_gogo
38 silly mapToRegistry using default registry
39 silly mapToRegistry registry https://registry.npmjs.org/
40 silly mapToRegistry uri https://registry.npmjs.org/threads_a_gogo
41 verbose addRemoteTarball https://registry.npmjs.org/threads_a_gogo/-/threads_a_gogo-0.1.7.tgz not in flight; adding
42 verbose addRemoteTarball [ 'https://registry.npmjs.org/threads_a_gogo/-/threads_a_gogo-0.1.7.tgz',
42 verbose addRemoteTarball   '6deea311970e6e2df2296fb613c9a0d4e5f2dad7' ]
43 info retry fetch attempt 1 at 10:47:17
44 info attempt registry request try #1 at 10:47:17
45 http fetch GET https://registry.npmjs.org/threads_a_gogo/-/threads_a_gogo-0.1.7.tgz
46 http fetch 200 https://registry.npmjs.org/threads_a_gogo/-/threads_a_gogo-0.1.7.tgz
47 silly fetchAndShaCheck shasum 6deea311970e6e2df2296fb613c9a0d4e5f2dad7
48 verbose addTmpTarball C:\Users\CSIQUE~1\AppData\Local\Temp\npm-8176-20d7982c\registry.npmjs.org\threads_a_gogo\-\threads_a_gogo-0.1.7.tgz not in flight; adding
49 verbose addTmpTarball already have metadata; skipping unpack for threads_a_gogo@0.1.7
50 silly cache afterAdd threads_a_gogo@0.1.7
51 verbose afterAdd C:\Users\csiqueira\AppData\Roaming\npm-cache\threads_a_gogo\0.1.7\package\package.json not in flight; writing
52 verbose afterAdd C:\Users\csiqueira\AppData\Roaming\npm-cache\threads_a_gogo\0.1.7\package\package.json written
53 silly install resolved [ { name: 'threads_a_gogo',
53 silly install resolved     version: '0.1.7',
53 silly install resolved     main: 'build/release/threads_a_gogo.node',
53 silly install resolved     description: '████ Simple and fast JavaScript threads for Node.js ████',
53 silly install resolved     keywords: [ 'The', 'most', 'awesome', 'project', 'ever', 'a gogo' ],
53 silly install resolved     author:
53 silly install resolved      { name: 'Jorge Chamorro Bieling',
53 silly install resolved        email: 'jorge@jorgechamorro.com' },
53 silly install resolved     homepage: 'https://github.com/xk/node-threads-a-gogo',
53 silly install resolved     bugs:
53 silly install resolved      { url: 'http://github.com/xk/node-threads-a-gogo/issues',
53 silly install resolved        email: 'jorge@jorgechamorro.com' },
53 silly install resolved     repository:
53 silly install resolved      { type: 'git',
53 silly install resolved        url: 'http://github.com/xk/node-threads-a-gogo.git' },
53 silly install resolved     scripts: { install: 'node-gyp rebuild' },
53 silly install resolved     os: [ 'macos', 'linux', 'darwin' ],
53 silly install resolved     engines: { node: '>=0.5.1' },
53 silly install resolved     dependencies: { bindings: '*' },
53 silly install resolved     contributors: [ [Object], [Object], [Object], [Object], [Object] ],
53 silly install resolved     gypfile: true,
53 silly install resolved     _id: 'threads_a_gogo@0.1.7',
53 silly install resolved     dist:
53 silly install resolved      { shasum: '6deea311970e6e2df2296fb613c9a0d4e5f2dad7',
53 silly install resolved        tarball: 'http://registry.npmjs.org/threads_a_gogo/-/threads_a_gogo-0.1.7.tgz' },
53 silly install resolved     _from: 'threads_a_gogo@latest',
53 silly install resolved     _npmVersion: '1.4.3',
53 silly install resolved     _npmUser: { name: 'jorgechamorro', email: 'jorge@jorgechamorro.com' },
53 silly install resolved     maintainers: [ [Object] ],
53 silly install resolved     directories: {},
53 silly install resolved     _shasum: '6deea311970e6e2df2296fb613c9a0d4e5f2dad7',
53 silly install resolved     _resolved: 'https://registry.npmjs.org/threads_a_gogo/-/threads_a_gogo-0.1.7.tgz' } ]
54 info install threads_a_gogo@0.1.7 into C:\Users\csiqueira\Documents\NetBeansProjects\PoEController
55 info installOne threads_a_gogo@0.1.7
56 verbose installOne of threads_a_gogo to C:\Users\csiqueira\Documents\NetBeansProjects\PoEController not in flight; installing
57 verbose lock using C:\Users\csiqueira\AppData\Roaming\npm-cache\_locks\threads-a-gogo-f30cd512483e9d0c.lock for C:\Users\csiqueira\Documents\NetBeansProjects\PoEController\node_modules\threads_a_gogo
58 verbose unlock done using C:\Users\csiqueira\AppData\Roaming\npm-cache\_locks\threads-a-gogo-f30cd512483e9d0c.lock for C:\Users\csiqueira\Documents\NetBeansProjects\PoEController\node_modules\threads_a_gogo
59 verbose stack Error: Unsupported
59 verbose stack     at checkPlatform (C:\Program Files (x86)\nodejs\node_modules\npm\node_modules\npm-install-checks\index.js:47:14)
59 verbose stack     at Array.<anonymous> (C:\Program Files (x86)\nodejs\node_modules\npm\node_modules\slide\lib\bind-actor.js:15:8)
59 verbose stack     at LOOP (C:\Program Files (x86)\nodejs\node_modules\npm\node_modules\slide\lib\chain.js:15:14)
59 verbose stack     at C:\Program Files (x86)\nodejs\node_modules\npm\node_modules\slide\lib\chain.js:18:7
59 verbose stack     at checkEngine (C:\Program Files (x86)\nodejs\node_modules\npm\node_modules\npm-install-checks\index.js:26:10)
59 verbose stack     at Array.<anonymous> (C:\Program Files (x86)\nodejs\node_modules\npm\node_modules\slide\lib\bind-actor.js:15:8)
59 verbose stack     at LOOP (C:\Program Files (x86)\nodejs\node_modules\npm\node_modules\slide\lib\chain.js:15:14)
59 verbose stack     at chain (C:\Program Files (x86)\nodejs\node_modules\npm\node_modules\slide\lib\chain.js:20:5)
59 verbose stack     at C:\Program Files (x86)\nodejs\node_modules\npm\lib\install.js:1038:5
59 verbose stack     at C:\Program Files (x86)\nodejs\node_modules\npm\lib\utils\locker.js:39:7
60 verbose pkgid threads_a_gogo@0.1.7
61 verbose cwd C:\Users\csiqueira\Documents\NetBeansProjects\PoEController
62 error Windows_NT 10.0.10586
63 error argv "C:\\Program Files (x86)\\nodejs\\node.exe" "C:\\Program Files (x86)\\nodejs\\node_modules\\npm\\bin\\npm-cli.js" "install" "threads_a_gogo"
64 error node v4.2.4
65 error npm  v2.14.12
66 error code EBADPLATFORM
67 error notsup Unsupported
67 error notsup Not compatible with your operating system or architecture: threads_a_gogo@0.1.7
67 error notsup Valid OS:    macos,linux,darwin
67 error notsup Valid Arch:  any
67 error notsup Actual OS:   win32
67 error notsup Actual Arch: ia32
68 verbose exit [ 1, true ]
